<?xml version="1.0" encoding="UTF-8" standalone="no" ?>
<coverage branch-rate="NaN" branches-covered="NaN" branches-valid="NaN" complexity="NaN" line-rate="0" lines-covered="0" lines-valid="30" timestamp="1702281566.6833" version="">
  <sources>
    <source>D:\Git_practice\</source>
  </sources>
  <packages>
    <package branch-rate="NaN" complexity="NaN" line-rate="0" name="">
      <classes>
        <class branch-rate="NaN" complexity="NaN" filename="Test_Clean.m" line-rate="0" name="Test_Clean">
          <methods/>
          <lines>
            <line hits="0" number="2"/>
            <line hits="0" number="3"/>
            <line hits="0" number="4"/>
          </lines>
        </class>
        <class branch-rate="NaN" complexity="NaN" filename="Test_Initial.m" line-rate="0" name="Test_Initial">
          <methods/>
          <lines>
            <line hits="0" number="3"/>
            <line hits="0" number="4"/>
            <line hits="0" number="5"/>
            <line hits="0" number="6"/>
          </lines>
        </class>
        <class branch-rate="NaN" complexity="NaN" filename="Test_Param.m" line-rate="0" name="Test_Param">
          <methods/>
          <lines>
            <line hits="0" number="1"/>
            <line hits="0" number="3"/>
            <line hits="0" number="4"/>
            <line hits="0" number="5"/>
            <line hits="0" number="7"/>
            <line hits="0" number="8"/>
            <line hits="0" number="9"/>
            <line hits="0" number="10"/>
            <line hits="0" number="12"/>
          </lines>
        </class>
        <class branch-rate="NaN" complexity="NaN" filename="Test_Run.m" line-rate="0" name="Test_Run">
          <methods/>
          <lines>
            <line hits="0" number="1"/>
            <line hits="0" number="3"/>
            <line hits="0" number="4"/>
            <line hits="0" number="5"/>
            <line hits="0" number="6"/>
            <line hits="0" number="7"/>
            <line hits="0" number="8"/>
            <line hits="0" number="9"/>
            <line hits="0" number="10"/>
            <line hits="0" number="11"/>
            <line hits="0" number="12"/>
            <line hits="0" number="13"/>
            <line hits="0" number="14"/>
            <line hits="0" number="15"/>
          </lines>
        </class>
      </classes>
    </package>
  </packages>
</coverage>
